2021-04-19 09:06:57,685 INFO o.a.j.u.JMeterUtils: Setting Locale to en_EN
2021-04-19 09:06:57,705 INFO o.a.j.JMeter: Loading user properties from: user.properties
2021-04-19 09:06:57,705 INFO o.a.j.JMeter: Loading system properties from: system.properties
2021-04-19 09:06:57,717 INFO o.a.j.JMeter: Copyright (c) 1998-2021 The Apache Software Foundation
2021-04-19 09:06:57,717 INFO o.a.j.JMeter: Version 5.4.1
2021-04-19 09:06:57,717 INFO o.a.j.JMeter: java.version=1.8.0_181
2021-04-19 09:06:57,717 INFO o.a.j.JMeter: java.vm.name=Java HotSpot(TM) Client VM
2021-04-19 09:06:57,717 INFO o.a.j.JMeter: os.name=Windows 10
2021-04-19 09:06:57,717 INFO o.a.j.JMeter: os.arch=x86
2021-04-19 09:06:57,717 INFO o.a.j.JMeter: os.version=10.0
2021-04-19 09:06:57,717 INFO o.a.j.JMeter: file.encoding=Cp1252
2021-04-19 09:06:57,717 INFO o.a.j.JMeter: java.awt.headless=null
2021-04-19 09:06:57,717 INFO o.a.j.JMeter: Max memory     =1073741824
2021-04-19 09:06:57,717 INFO o.a.j.JMeter: Available Processors =4
2021-04-19 09:06:57,724 INFO o.a.j.JMeter: Default Locale=English (EN)
2021-04-19 09:06:57,724 INFO o.a.j.JMeter: JMeter  Locale=English (EN)
2021-04-19 09:06:57,724 INFO o.a.j.JMeter: JMeterHome=C:\Users\karthik\Downloads\apache-jmeter-5.4.1\apache-jmeter-5.4.1
2021-04-19 09:06:57,724 INFO o.a.j.JMeter: user.dir  =C:\Users\karthik\Downloads\apache-jmeter-5.4.1\apache-jmeter-5.4.1\bin
2021-04-19 09:06:57,724 INFO o.a.j.JMeter: PWD       =C:\Users\karthik\Downloads\apache-jmeter-5.4.1\apache-jmeter-5.4.1\bin
2021-04-19 09:06:57,724 INFO o.a.j.JMeter: IP: 192.168.43.143 Name: karthik FullName: karthik
2021-04-19 09:06:57,829 INFO o.a.j.JMeter: Setting LAF to: laf:javax.swing.plaf.metal.MetalLookAndFeel
2021-04-19 09:06:57,939 INFO o.a.j.JMeter: Loaded icon properties from org/apache/jmeter/images/icon.properties
2021-04-19 09:07:00,345 INFO o.j.r.JARSourceHTTP: Found cached repo
2021-04-19 09:07:00,575 INFO o.j.r.PluginManager: Plugins Status: [blazemeter-debugger=0.6, jpgc-plugins-manager=1.6, jmeter-core=5.4.1, jmeter-ftp=5.4.1, jmeter-http=5.4.1, jmeter-jdbc=5.4.1, jmeter-jms=5.4.1, jmeter-junit=5.4.1, jmeter-java=5.4.1, jmeter-ldap=5.4.1, jmeter-mail=5.4.1, jmeter-mongodb=5.4.1, jmeter-native=5.4.1, jmeter-tcp=5.4.1, jmeter-components=5.4.1]
2021-04-19 09:09:06,995 INFO o.a.j.p.h.s.HTTPSamplerBase: Parser for text/html is org.apache.jmeter.protocol.http.parser.LagartoBasedHtmlParser
2021-04-19 09:09:07,002 INFO o.a.j.p.h.s.HTTPSamplerBase: Parser for application/xhtml+xml is org.apache.jmeter.protocol.http.parser.LagartoBasedHtmlParser
2021-04-19 09:09:07,002 INFO o.a.j.p.h.s.HTTPSamplerBase: Parser for application/xml is org.apache.jmeter.protocol.http.parser.LagartoBasedHtmlParser
2021-04-19 09:09:07,002 INFO o.a.j.p.h.s.HTTPSamplerBase: Parser for text/xml is org.apache.jmeter.protocol.http.parser.LagartoBasedHtmlParser
2021-04-19 09:09:07,002 INFO o.a.j.p.h.s.HTTPSamplerBase: Parser for text/vnd.wap.wml is org.apache.jmeter.protocol.http.parser.RegexpHTMLParser
2021-04-19 09:09:07,002 INFO o.a.j.p.h.s.HTTPSamplerBase: Parser for text/css is org.apache.jmeter.protocol.http.parser.CssParser
2021-04-19 09:11:46,875 INFO o.a.j.s.SampleResult: Note: Sample TimeStamps are START times
2021-04-19 09:11:46,875 INFO o.a.j.s.SampleResult: sampleresult.default.encoding is set to ISO-8859-1
2021-04-19 09:11:46,875 INFO o.a.j.s.SampleResult: sampleresult.useNanoTime=true
2021-04-19 09:11:46,875 INFO o.a.j.s.SampleResult: sampleresult.nanoThreadSleep=5000
2021-04-19 09:12:33,973 INFO o.a.j.s.FileServer: Default base='C:\Users\karthik\Downloads\apache-jmeter-5.4.1\apache-jmeter-5.4.1\bin'
2021-04-19 09:12:34,025 INFO o.a.j.s.FileServer: Set new base='C:\Users\karthik\Downloads\apache-jmeter-5.4.1\apache-jmeter-5.4.1\bin'
2021-04-19 09:12:34,425 INFO o.a.j.s.SaveService: Testplan (JMX) version: 2.2. Testlog (JTL) version: 2.2
2021-04-19 09:12:34,457 INFO o.a.j.s.SaveService: Using SaveService properties file encoding UTF-8
2021-04-19 09:12:34,457 INFO o.a.j.s.SaveService: Using SaveService properties version 5.0
2021-04-19 09:12:34,510 INFO o.a.j.e.StandardJMeterEngine: Running the test!
2021-04-19 09:12:34,510 INFO o.a.j.s.SampleEvent: List of sample_variables: []
2021-04-19 09:12:34,510 INFO o.a.j.s.SampleEvent: List of sample_variables: []
2021-04-19 09:12:34,510 INFO o.a.j.e.u.CompoundVariable: Note: Function class names must contain the string: '.functions.'
2021-04-19 09:12:34,510 INFO o.a.j.e.u.CompoundVariable: Note: Function class names must not contain the string: '.gui.'
2021-04-19 09:12:35,074 INFO o.a.j.g.u.JMeterMenuBar: setRunning(true, *local*)
2021-04-19 09:12:35,180 INFO o.a.j.e.StandardJMeterEngine: Starting ThreadGroup: 1 : Thread Group
2021-04-19 09:12:35,180 INFO o.a.j.e.StandardJMeterEngine: Starting 1 threads for group Thread Group.
2021-04-19 09:12:35,180 INFO o.a.j.e.StandardJMeterEngine: Thread will continue on error
2021-04-19 09:12:35,180 INFO o.a.j.t.ThreadGroup: Starting thread group... number=1 threads=1 ramp-up=1 delayedStart=false
2021-04-19 09:12:35,180 INFO o.a.j.t.ThreadGroup: Started thread group number 1
2021-04-19 09:12:35,180 INFO o.a.j.e.StandardJMeterEngine: All thread groups have been started
2021-04-19 09:12:35,196 INFO o.a.j.t.JMeterThread: Thread started: Thread Group 1-1
2021-04-19 09:12:35,212 INFO o.a.j.p.h.s.HTTPHCAbstractImpl: Local host = karthik
2021-04-19 09:12:35,212 INFO o.a.j.p.h.s.HTTPHC4Impl: HTTP request retry count = 0
2021-04-19 09:12:35,428 INFO o.a.j.p.h.s.h.LazyLayeredConnectionSocketFactory: Setting up HTTPS TrustAll Socket Factory
2021-04-19 09:12:35,428 INFO o.a.j.u.JsseSSLManager: Using default SSL protocol: TLS
2021-04-19 09:12:35,428 INFO o.a.j.u.JsseSSLManager: SSL session context: per-thread
2021-04-19 09:12:36,006 INFO o.a.j.u.SSLManager: JmeterKeyStore Location:  type JKS
2021-04-19 09:12:36,006 INFO o.a.j.u.SSLManager: KeyStore created OK
2021-04-19 09:12:36,006 WARN o.a.j.u.SSLManager: Keystore file not found, loading empty keystore
2021-04-19 09:12:37,587 INFO o.a.j.t.JMeterThread: Thread is done: Thread Group 1-1
2021-04-19 09:12:37,587 INFO o.a.j.t.JMeterThread: Thread finished: Thread Group 1-1
2021-04-19 09:12:37,587 INFO o.a.j.e.StandardJMeterEngine: Notifying test listeners of end of test
2021-04-19 09:12:37,587 INFO o.a.j.g.u.JMeterMenuBar: setRunning(false, *local*)
2021-04-19 09:14:17,320 INFO o.a.j.e.StandardJMeterEngine: Running the test!
2021-04-19 09:14:17,320 INFO o.a.j.s.SampleEvent: List of sample_variables: []
2021-04-19 09:14:17,320 INFO o.a.j.g.u.JMeterMenuBar: setRunning(true, *local*)
2021-04-19 09:14:17,405 INFO o.a.j.e.StandardJMeterEngine: Starting ThreadGroup: 1 : Thread Group
2021-04-19 09:14:17,405 INFO o.a.j.e.StandardJMeterEngine: Starting 1 threads for group Thread Group.
2021-04-19 09:14:17,405 INFO o.a.j.e.StandardJMeterEngine: Thread will continue on error
2021-04-19 09:14:17,405 INFO o.a.j.t.ThreadGroup: Starting thread group... number=1 threads=1 ramp-up=1 delayedStart=false
2021-04-19 09:14:17,405 INFO o.a.j.t.ThreadGroup: Started thread group number 1
2021-04-19 09:14:17,405 INFO o.a.j.e.StandardJMeterEngine: All thread groups have been started
2021-04-19 09:14:17,405 INFO o.a.j.t.JMeterThread: Thread started: Thread Group 1-1
2021-04-19 09:14:19,401 INFO o.a.j.t.JMeterThread: Thread is done: Thread Group 1-1
2021-04-19 09:14:19,401 INFO o.a.j.t.JMeterThread: Thread finished: Thread Group 1-1
2021-04-19 09:14:19,401 INFO o.a.j.e.StandardJMeterEngine: Notifying test listeners of end of test
2021-04-19 09:14:19,401 INFO o.a.j.g.u.JMeterMenuBar: setRunning(false, *local*)
2021-04-19 09:14:35,504 INFO o.a.j.e.StandardJMeterEngine: Running the test!
2021-04-19 09:14:35,504 INFO o.a.j.s.SampleEvent: List of sample_variables: []
2021-04-19 09:14:35,504 INFO o.a.j.g.u.JMeterMenuBar: setRunning(true, *local*)
2021-04-19 09:14:35,581 INFO o.a.j.e.StandardJMeterEngine: Starting ThreadGroup: 1 : Thread Group
2021-04-19 09:14:35,581 INFO o.a.j.e.StandardJMeterEngine: Starting 1 threads for group Thread Group.
2021-04-19 09:14:35,581 INFO o.a.j.e.StandardJMeterEngine: Thread will continue on error
2021-04-19 09:14:35,581 INFO o.a.j.t.ThreadGroup: Starting thread group... number=1 threads=1 ramp-up=1 delayedStart=false
2021-04-19 09:14:35,581 INFO o.a.j.t.ThreadGroup: Started thread group number 1
2021-04-19 09:14:35,581 INFO o.a.j.e.StandardJMeterEngine: All thread groups have been started
2021-04-19 09:14:35,581 INFO o.a.j.t.JMeterThread: Thread started: Thread Group 1-1
2021-04-19 09:14:37,250 INFO o.a.j.t.JMeterThread: Thread is done: Thread Group 1-1
2021-04-19 09:14:37,250 INFO o.a.j.t.JMeterThread: Thread finished: Thread Group 1-1
2021-04-19 09:14:37,250 INFO o.a.j.e.StandardJMeterEngine: Notifying test listeners of end of test
2021-04-19 09:14:37,250 INFO o.a.j.g.u.JMeterMenuBar: setRunning(false, *local*)
2021-04-19 09:16:00,793 INFO o.a.j.e.StandardJMeterEngine: Running the test!
2021-04-19 09:16:00,793 INFO o.a.j.s.SampleEvent: List of sample_variables: []
2021-04-19 09:16:00,793 INFO o.a.j.g.u.JMeterMenuBar: setRunning(true, *local*)
2021-04-19 09:16:00,872 INFO o.a.j.e.StandardJMeterEngine: Starting ThreadGroup: 1 : Thread Group
2021-04-19 09:16:00,872 INFO o.a.j.e.StandardJMeterEngine: Starting 1 threads for group Thread Group.
2021-04-19 09:16:00,872 INFO o.a.j.e.StandardJMeterEngine: Thread will continue on error
2021-04-19 09:16:00,872 INFO o.a.j.t.ThreadGroup: Starting thread group... number=1 threads=1 ramp-up=1 delayedStart=false
2021-04-19 09:16:00,872 INFO o.a.j.t.ThreadGroup: Started thread group number 1
2021-04-19 09:16:00,872 INFO o.a.j.e.StandardJMeterEngine: All thread groups have been started
2021-04-19 09:16:00,872 INFO o.a.j.t.JMeterThread: Thread started: Thread Group 1-1
2021-04-19 09:16:04,305 INFO o.a.j.t.JMeterThread: Thread is done: Thread Group 1-1
2021-04-19 09:16:04,305 INFO o.a.j.t.JMeterThread: Thread finished: Thread Group 1-1
2021-04-19 09:16:04,305 INFO o.a.j.e.StandardJMeterEngine: Notifying test listeners of end of test
2021-04-19 09:16:04,305 INFO o.a.j.g.u.JMeterMenuBar: setRunning(false, *local*)
2021-04-19 09:17:03,137 INFO o.a.j.g.a.Load: Loading file: C:\Users\karthik\Desktop\result\calAssignment1.jmx
2021-04-19 09:17:03,137 INFO o.a.j.s.FileServer: Set new base='C:\Users\karthik\Desktop\result'
2021-04-19 09:17:03,137 INFO o.a.j.s.SaveService: Loading file: C:\Users\karthik\Desktop\result\calAssignment1.jmx
2021-04-19 09:17:04,578 INFO o.a.j.s.FileServer: Set new base='C:\Users\karthik\Desktop\result'
2021-04-19 09:17:23,970 INFO o.a.j.e.StandardJMeterEngine: Running the test!
2021-04-19 09:17:23,970 INFO o.a.j.s.SampleEvent: List of sample_variables: []
2021-04-19 09:17:23,970 INFO o.a.j.g.u.JMeterMenuBar: setRunning(true, *local*)
2021-04-19 09:17:24,067 INFO o.a.j.e.StandardJMeterEngine: Starting ThreadGroup: 1 : Soap Request
2021-04-19 09:17:24,067 INFO o.a.j.e.StandardJMeterEngine: Starting 2 threads for group Soap Request.
2021-04-19 09:17:24,067 INFO o.a.j.e.StandardJMeterEngine: Thread will continue on error
2021-04-19 09:17:24,067 INFO o.a.j.t.ThreadGroup: Starting thread group... number=1 threads=2 ramp-up=1 delayedStart=false
2021-04-19 09:17:24,067 INFO o.a.j.t.ThreadGroup: Started thread group number 1
2021-04-19 09:17:24,067 INFO o.a.j.e.StandardJMeterEngine: Starting ThreadGroup: 2 : Thread Group
2021-04-19 09:17:24,067 INFO o.a.j.e.StandardJMeterEngine: Starting 5 threads for group Thread Group.
2021-04-19 09:17:24,082 INFO o.a.j.e.StandardJMeterEngine: Thread will continue on error
2021-04-19 09:17:24,082 INFO o.a.j.t.ThreadGroup: Starting thread group... number=2 threads=5 ramp-up=1 delayedStart=false
2021-04-19 09:17:24,082 INFO o.a.j.t.JMeterThread: Thread started: Soap Request 1-1
2021-04-19 09:17:24,082 INFO o.a.j.s.FileServer: Stored: C:\Users\karthik\Desktop\calresult.csv
2021-04-19 09:17:24,082 INFO o.a.j.t.JMeterThread: Thread started: Thread Group 2-1
2021-04-19 09:17:24,082 INFO o.a.j.t.ThreadGroup: Started thread group number 2
2021-04-19 09:17:24,082 INFO o.a.j.e.StandardJMeterEngine: All thread groups have been started
2021-04-19 09:17:24,135 INFO o.a.j.s.FileServer: Stored: C:/Users/karthik/Desktop/api.csv
2021-04-19 09:17:24,283 INFO o.a.j.t.JMeterThread: Thread started: Thread Group 2-2
2021-04-19 09:17:24,483 INFO o.a.j.t.JMeterThread: Thread started: Thread Group 2-3
2021-04-19 09:17:24,584 INFO o.a.j.t.JMeterThread: Thread started: Soap Request 1-2
2021-04-19 09:17:24,704 INFO o.a.j.t.JMeterThread: Thread started: Thread Group 2-4
2021-04-19 09:17:24,894 INFO o.a.j.t.JMeterThread: Thread started: Thread Group 2-5
2021-04-19 09:17:26,559 INFO o.a.j.t.JMeterThread: Thread is done: Thread Group 2-1
2021-04-19 09:17:26,559 INFO o.a.j.t.JMeterThread: Thread finished: Thread Group 2-1
2021-04-19 09:17:26,563 INFO o.a.j.t.JMeterThread: Thread is done: Thread Group 2-2
2021-04-19 09:17:26,563 INFO o.a.j.t.JMeterThread: Thread finished: Thread Group 2-2
2021-04-19 09:17:26,711 INFO o.a.j.t.JMeterThread: Thread is done: Soap Request 1-2
2021-04-19 09:17:26,711 INFO o.a.j.t.JMeterThread: Thread finished: Soap Request 1-2
2021-04-19 09:17:26,726 INFO o.a.j.t.JMeterThread: Thread is done: Soap Request 1-1
2021-04-19 09:17:26,726 INFO o.a.j.t.JMeterThread: Thread finished: Soap Request 1-1
2021-04-19 09:17:27,265 INFO o.a.j.t.JMeterThread: Thread is done: Thread Group 2-5
2021-04-19 09:17:27,265 INFO o.a.j.t.JMeterThread: Thread finished: Thread Group 2-5
2021-04-19 09:17:29,820 INFO o.a.j.t.JMeterThread: Thread is done: Thread Group 2-3
2021-04-19 09:17:29,820 INFO o.a.j.t.JMeterThread: Thread finished: Thread Group 2-3
2021-04-19 09:17:31,163 INFO o.a.j.t.JMeterThread: Thread is done: Thread Group 2-4
2021-04-19 09:17:31,163 INFO o.a.j.t.JMeterThread: Thread finished: Thread Group 2-4
2021-04-19 09:17:31,178 INFO o.a.j.e.StandardJMeterEngine: Notifying test listeners of end of test
2021-04-19 09:17:31,178 INFO o.a.j.s.FileServer: Close: C:\Users\karthik\Desktop\calresult.csv
2021-04-19 09:17:31,178 INFO o.a.j.s.FileServer: Close: C:/Users/karthik/Desktop/api.csv
2021-04-19 09:17:31,178 INFO o.a.j.g.u.JMeterMenuBar: setRunning(false, *local*)
2021-04-19 09:17:40,279 INFO o.a.j.e.StandardJMeterEngine: Running the test!
2021-04-19 09:17:40,279 INFO o.a.j.s.SampleEvent: List of sample_variables: []
2021-04-19 09:17:40,279 INFO o.a.j.g.u.JMeterMenuBar: setRunning(true, *local*)
2021-04-19 09:17:40,379 INFO o.a.j.e.StandardJMeterEngine: Starting ThreadGroup: 1 : Soap Request
2021-04-19 09:17:40,379 INFO o.a.j.e.StandardJMeterEngine: Starting 2 threads for group Soap Request.
2021-04-19 09:17:40,379 INFO o.a.j.e.StandardJMeterEngine: Thread will continue on error
2021-04-19 09:17:40,379 INFO o.a.j.t.ThreadGroup: Starting thread group... number=1 threads=2 ramp-up=1 delayedStart=false
2021-04-19 09:17:40,379 INFO o.a.j.t.ThreadGroup: Started thread group number 1
2021-04-19 09:17:40,379 INFO o.a.j.e.StandardJMeterEngine: Starting ThreadGroup: 2 : Thread Group
2021-04-19 09:17:40,379 INFO o.a.j.t.JMeterThread: Thread started: Soap Request 1-1
2021-04-19 09:17:40,379 INFO o.a.j.e.StandardJMeterEngine: Starting 5 threads for group Thread Group.
2021-04-19 09:17:40,379 INFO o.a.j.e.StandardJMeterEngine: Thread will continue on error
2021-04-19 09:17:40,379 INFO o.a.j.t.ThreadGroup: Starting thread group... number=2 threads=5 ramp-up=1 delayedStart=false
2021-04-19 09:17:40,379 INFO o.a.j.s.FileServer: Stored: C:\Users\karthik\Desktop\calresult.csv
2021-04-19 09:17:40,379 INFO o.a.j.t.ThreadGroup: Started thread group number 2
2021-04-19 09:17:40,379 INFO o.a.j.e.StandardJMeterEngine: All thread groups have been started
2021-04-19 09:17:40,379 INFO o.a.j.t.JMeterThread: Thread started: Thread Group 2-1
2021-04-19 09:17:40,379 INFO o.a.j.s.FileServer: Stored: C:/Users/karthik/Desktop/api.csv
2021-04-19 09:17:40,580 INFO o.a.j.t.JMeterThread: Thread started: Thread Group 2-2
2021-04-19 09:17:40,797 INFO o.a.j.t.JMeterThread: Thread started: Thread Group 2-3
2021-04-19 09:17:40,882 INFO o.a.j.t.JMeterThread: Thread started: Soap Request 1-2
2021-04-19 09:17:40,987 INFO o.a.j.t.JMeterThread: Thread started: Thread Group 2-4
2021-04-19 09:17:41,192 INFO o.a.j.t.JMeterThread: Thread started: Thread Group 2-5
2021-04-19 09:17:41,964 INFO o.a.j.t.JMeterThread: Thread is done: Soap Request 1-1
2021-04-19 09:17:41,964 INFO o.a.j.t.JMeterThread: Thread finished: Soap Request 1-1
2021-04-19 09:17:42,451 INFO o.a.j.t.JMeterThread: Thread is done: Soap Request 1-2
2021-04-19 09:17:42,451 INFO o.a.j.t.JMeterThread: Thread finished: Soap Request 1-2
2021-04-19 09:17:42,530 INFO o.a.j.t.JMeterThread: Thread is done: Thread Group 2-2
2021-04-19 09:17:42,530 INFO o.a.j.t.JMeterThread: Thread finished: Thread Group 2-2
2021-04-19 09:17:42,990 INFO o.a.j.t.JMeterThread: Thread is done: Thread Group 2-4
2021-04-19 09:17:42,990 INFO o.a.j.t.JMeterThread: Thread finished: Thread Group 2-4
2021-04-19 09:17:43,224 INFO o.a.j.t.JMeterThread: Thread is done: Thread Group 2-3
2021-04-19 09:17:43,224 INFO o.a.j.t.JMeterThread: Thread finished: Thread Group 2-3
2021-04-19 09:17:46,835 INFO o.a.j.t.JMeterThread: Thread is done: Thread Group 2-1
2021-04-19 09:17:46,835 INFO o.a.j.t.JMeterThread: Thread finished: Thread Group 2-1
2021-04-19 09:17:54,388 INFO o.a.j.t.JMeterThread: Thread is done: Thread Group 2-5
2021-04-19 09:17:54,388 INFO o.a.j.t.JMeterThread: Thread finished: Thread Group 2-5
2021-04-19 09:17:54,388 INFO o.a.j.e.StandardJMeterEngine: Notifying test listeners of end of test
2021-04-19 09:17:54,388 INFO o.a.j.s.FileServer: Close: C:\Users\karthik\Desktop\calresult.csv
2021-04-19 09:17:54,388 INFO o.a.j.s.FileServer: Close: C:/Users/karthik/Desktop/api.csv
2021-04-19 09:17:54,388 INFO o.a.j.g.u.JMeterMenuBar: setRunning(false, *local*)
2021-04-19 09:17:57,618 INFO o.a.j.g.a.Load: Loading file: C:\Users\karthik\Downloads\apache-jmeter-5.4.1\apache-jmeter-5.4.1\bin\petstoreassignment.jmx
2021-04-19 09:17:57,618 INFO o.a.j.s.FileServer: Set new base='C:\Users\karthik\Downloads\apache-jmeter-5.4.1\apache-jmeter-5.4.1\bin'
2021-04-19 09:17:57,618 INFO o.a.j.s.SaveService: Loading file: C:\Users\karthik\Downloads\apache-jmeter-5.4.1\apache-jmeter-5.4.1\bin\petstoreassignment.jmx
2021-04-19 09:17:57,756 INFO o.a.j.s.FileServer: Set new base='C:\Users\karthik\Downloads\apache-jmeter-5.4.1\apache-jmeter-5.4.1\bin'
2021-04-19 09:18:25,633 INFO o.a.j.e.StandardJMeterEngine: Running the test!
2021-04-19 09:18:25,648 INFO o.a.j.s.SampleEvent: List of sample_variables: []
2021-04-19 09:18:25,648 INFO o.a.j.g.u.JMeterMenuBar: setRunning(true, *local*)
2021-04-19 09:18:25,748 INFO o.a.j.e.StandardJMeterEngine: Starting ThreadGroup: 1 : Thread Group
2021-04-19 09:18:25,748 INFO o.a.j.e.StandardJMeterEngine: Starting 1 threads for group Thread Group.
2021-04-19 09:18:25,748 INFO o.a.j.e.StandardJMeterEngine: Thread will continue on error
2021-04-19 09:18:25,748 INFO o.a.j.t.ThreadGroup: Starting thread group... number=1 threads=1 ramp-up=1 delayedStart=false
2021-04-19 09:18:25,748 INFO o.a.j.t.ThreadGroup: Started thread group number 1
2021-04-19 09:18:25,748 INFO o.a.j.e.StandardJMeterEngine: All thread groups have been started
2021-04-19 09:18:25,748 INFO o.a.j.t.JMeterThread: Thread started: Thread Group 1-1
2021-04-19 09:18:27,405 INFO o.a.j.t.JMeterThread: Thread is done: Thread Group 1-1
2021-04-19 09:18:27,405 INFO o.a.j.t.JMeterThread: Thread finished: Thread Group 1-1
2021-04-19 09:18:27,405 INFO o.a.j.e.StandardJMeterEngine: Notifying test listeners of end of test
2021-04-19 09:18:27,405 INFO o.a.j.g.u.JMeterMenuBar: setRunning(false, *local*)
2021-04-19 09:19:17,985 INFO o.a.j.e.StandardJMeterEngine: Running the test!
2021-04-19 09:19:17,985 INFO o.a.j.s.SampleEvent: List of sample_variables: []
2021-04-19 09:19:17,985 INFO o.a.j.g.u.JMeterMenuBar: setRunning(true, *local*)
2021-04-19 09:19:18,083 INFO o.a.j.e.StandardJMeterEngine: Starting ThreadGroup: 1 : Thread Group
2021-04-19 09:19:18,083 INFO o.a.j.e.StandardJMeterEngine: Starting 1 threads for group Thread Group.
2021-04-19 09:19:18,083 INFO o.a.j.e.StandardJMeterEngine: Thread will continue on error
2021-04-19 09:19:18,083 INFO o.a.j.t.ThreadGroup: Starting thread group... number=1 threads=1 ramp-up=1 delayedStart=false
2021-04-19 09:19:18,083 INFO o.a.j.t.ThreadGroup: Started thread group number 1
2021-04-19 09:19:18,083 INFO o.a.j.e.StandardJMeterEngine: All thread groups have been started
2021-04-19 09:19:18,083 INFO o.a.j.t.JMeterThread: Thread started: Thread Group 1-1
2021-04-19 09:19:19,909 INFO o.a.j.t.JMeterThread: Thread is done: Thread Group 1-1
2021-04-19 09:19:19,924 INFO o.a.j.t.JMeterThread: Thread finished: Thread Group 1-1
2021-04-19 09:19:19,924 INFO o.a.j.e.StandardJMeterEngine: Notifying test listeners of end of test
2021-04-19 09:19:19,924 INFO o.a.j.g.u.JMeterMenuBar: setRunning(false, *local*)
2021-04-19 09:24:21,437 INFO o.a.j.e.StandardJMeterEngine: Running the test!
2021-04-19 09:24:21,437 INFO o.a.j.s.SampleEvent: List of sample_variables: []
2021-04-19 09:24:21,437 INFO o.a.j.g.u.JMeterMenuBar: setRunning(true, *local*)
2021-04-19 09:24:21,552 INFO o.a.j.e.StandardJMeterEngine: Starting ThreadGroup: 1 : Thread Group
2021-04-19 09:24:21,552 INFO o.a.j.e.StandardJMeterEngine: Starting 1 threads for group Thread Group.
2021-04-19 09:24:21,552 INFO o.a.j.e.StandardJMeterEngine: Thread will continue on error
2021-04-19 09:24:21,552 INFO o.a.j.t.ThreadGroup: Starting thread group... number=1 threads=1 ramp-up=1 delayedStart=false
2021-04-19 09:24:21,552 INFO o.a.j.t.ThreadGroup: Started thread group number 1
2021-04-19 09:24:21,552 INFO o.a.j.e.StandardJMeterEngine: All thread groups have been started
2021-04-19 09:24:21,552 INFO o.a.j.t.JMeterThread: Thread started: Thread Group 1-1
2021-04-19 09:24:25,532 INFO o.a.j.t.JMeterThread: Thread is done: Thread Group 1-1
2021-04-19 09:24:25,532 INFO o.a.j.t.JMeterThread: Thread finished: Thread Group 1-1
2021-04-19 09:24:25,532 INFO o.a.j.e.StandardJMeterEngine: Notifying test listeners of end of test
2021-04-19 09:24:25,532 INFO o.a.j.g.u.JMeterMenuBar: setRunning(false, *local*)
2021-04-19 09:25:10,061 INFO o.a.j.e.StandardJMeterEngine: Running the test!
2021-04-19 09:25:10,061 INFO o.a.j.s.SampleEvent: List of sample_variables: []
2021-04-19 09:25:10,061 INFO o.a.j.g.u.JMeterMenuBar: setRunning(true, *local*)
2021-04-19 09:25:10,161 INFO o.a.j.e.StandardJMeterEngine: Starting ThreadGroup: 1 : Thread Group
2021-04-19 09:25:10,161 INFO o.a.j.e.StandardJMeterEngine: Starting 1 threads for group Thread Group.
2021-04-19 09:25:10,161 INFO o.a.j.e.StandardJMeterEngine: Thread will continue on error
2021-04-19 09:25:10,161 INFO o.a.j.t.ThreadGroup: Starting thread group... number=1 threads=1 ramp-up=1 delayedStart=false
2021-04-19 09:25:10,161 INFO o.a.j.t.ThreadGroup: Started thread group number 1
2021-04-19 09:25:10,161 INFO o.a.j.e.StandardJMeterEngine: All thread groups have been started
2021-04-19 09:25:10,161 INFO o.a.j.t.JMeterThread: Thread started: Thread Group 1-1
2021-04-19 09:25:12,062 INFO o.a.j.t.JMeterThread: Thread is done: Thread Group 1-1
2021-04-19 09:25:12,062 INFO o.a.j.t.JMeterThread: Thread finished: Thread Group 1-1
2021-04-19 09:25:12,062 INFO o.a.j.e.StandardJMeterEngine: Notifying test listeners of end of test
2021-04-19 09:25:12,062 INFO o.a.j.g.u.JMeterMenuBar: setRunning(false, *local*)
2021-04-19 09:28:02,660 INFO o.a.j.e.StandardJMeterEngine: Running the test!
2021-04-19 09:28:02,660 INFO o.a.j.s.SampleEvent: List of sample_variables: []
2021-04-19 09:28:02,675 INFO o.a.j.g.u.JMeterMenuBar: setRunning(true, *local*)
2021-04-19 09:28:02,675 INFO o.a.j.e.StandardJMeterEngine: Starting ThreadGroup: 1 : Thread Group
2021-04-19 09:28:02,675 INFO o.a.j.e.StandardJMeterEngine: Starting 1 threads for group Thread Group.
2021-04-19 09:28:02,675 INFO o.a.j.e.StandardJMeterEngine: Thread will continue on error
2021-04-19 09:28:02,675 INFO o.a.j.t.ThreadGroup: Starting thread group... number=1 threads=1 ramp-up=1 delayedStart=false
2021-04-19 09:28:02,675 INFO o.a.j.t.ThreadGroup: Started thread group number 1
2021-04-19 09:28:02,675 INFO o.a.j.e.StandardJMeterEngine: All thread groups have been started
2021-04-19 09:28:02,675 INFO o.a.j.t.JMeterThread: Thread started: Thread Group 1-1
2021-04-19 09:28:06,532 INFO o.a.j.t.JMeterThread: Thread is done: Thread Group 1-1
2021-04-19 09:28:06,532 INFO o.a.j.t.JMeterThread: Thread finished: Thread Group 1-1
2021-04-19 09:28:06,532 INFO o.a.j.e.StandardJMeterEngine: Notifying test listeners of end of test
2021-04-19 09:28:06,532 INFO o.a.j.g.u.JMeterMenuBar: setRunning(false, *local*)
2021-04-19 09:29:36,994 INFO o.a.j.e.StandardJMeterEngine: Running the test!
2021-04-19 09:29:36,994 INFO o.a.j.s.SampleEvent: List of sample_variables: []
2021-04-19 09:29:36,994 INFO o.a.j.g.u.JMeterMenuBar: setRunning(true, *local*)
2021-04-19 09:29:37,009 INFO o.a.j.e.StandardJMeterEngine: Starting ThreadGroup: 1 : Thread Group
2021-04-19 09:29:37,009 INFO o.a.j.e.StandardJMeterEngine: Starting 1 threads for group Thread Group.
2021-04-19 09:29:37,009 INFO o.a.j.e.StandardJMeterEngine: Thread will continue on error
2021-04-19 09:29:37,009 INFO o.a.j.t.ThreadGroup: Starting thread group... number=1 threads=1 ramp-up=1 delayedStart=false
2021-04-19 09:29:37,009 INFO o.a.j.t.ThreadGroup: Started thread group number 1
2021-04-19 09:29:37,009 INFO o.a.j.e.StandardJMeterEngine: All thread groups have been started
2021-04-19 09:29:37,009 INFO o.a.j.t.JMeterThread: Thread started: Thread Group 1-1
2021-04-19 09:29:39,132 INFO o.a.j.t.JMeterThread: Thread is done: Thread Group 1-1
2021-04-19 09:29:39,132 INFO o.a.j.t.JMeterThread: Thread finished: Thread Group 1-1
2021-04-19 09:29:39,132 INFO o.a.j.e.StandardJMeterEngine: Notifying test listeners of end of test
2021-04-19 09:29:39,132 INFO o.a.j.g.u.JMeterMenuBar: setRunning(false, *local*)
2021-04-19 09:30:01,851 INFO o.a.j.e.StandardJMeterEngine: Running the test!
2021-04-19 09:30:01,851 INFO o.a.j.s.SampleEvent: List of sample_variables: []
2021-04-19 09:30:01,851 INFO o.a.j.g.u.JMeterMenuBar: setRunning(true, *local*)
2021-04-19 09:30:01,959 INFO o.a.j.e.StandardJMeterEngine: Starting ThreadGroup: 1 : Thread Group
2021-04-19 09:30:01,959 INFO o.a.j.e.StandardJMeterEngine: Starting 1 threads for group Thread Group.
2021-04-19 09:30:01,959 INFO o.a.j.e.StandardJMeterEngine: Thread will continue on error
2021-04-19 09:30:01,959 INFO o.a.j.t.ThreadGroup: Starting thread group... number=1 threads=1 ramp-up=1 delayedStart=false
2021-04-19 09:30:01,961 INFO o.a.j.t.ThreadGroup: Started thread group number 1
2021-04-19 09:30:01,961 INFO o.a.j.e.StandardJMeterEngine: All thread groups have been started
2021-04-19 09:30:01,961 INFO o.a.j.t.JMeterThread: Thread started: Thread Group 1-1
2021-04-19 09:30:03,783 INFO o.a.j.t.JMeterThread: Thread is done: Thread Group 1-1
2021-04-19 09:30:03,783 INFO o.a.j.t.JMeterThread: Thread finished: Thread Group 1-1
2021-04-19 09:30:03,783 INFO o.a.j.e.StandardJMeterEngine: Notifying test listeners of end of test
2021-04-19 09:30:03,783 INFO o.a.j.g.u.JMeterMenuBar: setRunning(false, *local*)
2021-04-19 09:30:16,639 INFO o.a.j.e.StandardJMeterEngine: Running the test!
2021-04-19 09:30:16,639 INFO o.a.j.s.SampleEvent: List of sample_variables: []
2021-04-19 09:30:16,639 INFO o.a.j.g.u.JMeterMenuBar: setRunning(true, *local*)
2021-04-19 09:30:16,739 INFO o.a.j.e.StandardJMeterEngine: Starting ThreadGroup: 1 : Thread Group
2021-04-19 09:30:16,739 INFO o.a.j.e.StandardJMeterEngine: Starting 1 threads for group Thread Group.
2021-04-19 09:30:16,739 INFO o.a.j.e.StandardJMeterEngine: Thread will continue on error
2021-04-19 09:30:16,739 INFO o.a.j.t.ThreadGroup: Starting thread group... number=1 threads=1 ramp-up=1 delayedStart=false
2021-04-19 09:30:16,754 INFO o.a.j.t.ThreadGroup: Started thread group number 1
2021-04-19 09:30:16,754 INFO o.a.j.e.StandardJMeterEngine: All thread groups have been started
2021-04-19 09:30:16,754 INFO o.a.j.t.JMeterThread: Thread started: Thread Group 1-1
2021-04-19 09:30:18,343 INFO o.a.j.t.JMeterThread: Thread is done: Thread Group 1-1
2021-04-19 09:30:18,343 INFO o.a.j.t.JMeterThread: Thread finished: Thread Group 1-1
2021-04-19 09:30:18,343 INFO o.a.j.e.StandardJMeterEngine: Notifying test listeners of end of test
2021-04-19 09:30:18,343 INFO o.a.j.g.u.JMeterMenuBar: setRunning(false, *local*)
2021-04-19 09:31:23,873 INFO o.a.j.e.StandardJMeterEngine: Running the test!
2021-04-19 09:31:23,873 INFO o.a.j.s.SampleEvent: List of sample_variables: []
2021-04-19 09:31:23,873 INFO o.a.j.g.u.JMeterMenuBar: setRunning(true, *local*)
2021-04-19 09:31:24,006 INFO o.a.j.e.StandardJMeterEngine: Starting ThreadGroup: 1 : Thread Group
2021-04-19 09:31:24,006 INFO o.a.j.e.StandardJMeterEngine: Starting 1 threads for group Thread Group.
2021-04-19 09:31:24,006 INFO o.a.j.e.StandardJMeterEngine: Thread will continue on error
2021-04-19 09:31:24,006 INFO o.a.j.t.ThreadGroup: Starting thread group... number=1 threads=1 ramp-up=1 delayedStart=false
2021-04-19 09:31:24,006 INFO o.a.j.t.ThreadGroup: Started thread group number 1
2021-04-19 09:31:24,006 INFO o.a.j.e.StandardJMeterEngine: All thread groups have been started
2021-04-19 09:31:24,006 INFO o.a.j.t.JMeterThread: Thread started: Thread Group 1-1
2021-04-19 09:31:25,677 INFO o.a.j.t.JMeterThread: Thread is done: Thread Group 1-1
2021-04-19 09:31:25,677 INFO o.a.j.t.JMeterThread: Thread finished: Thread Group 1-1
2021-04-19 09:31:25,677 INFO o.a.j.e.StandardJMeterEngine: Notifying test listeners of end of test
2021-04-19 09:31:25,677 INFO o.a.j.g.u.JMeterMenuBar: setRunning(false, *local*)
2021-04-19 09:32:19,782 INFO o.a.j.e.StandardJMeterEngine: Running the test!
2021-04-19 09:32:19,782 INFO o.a.j.s.SampleEvent: List of sample_variables: []
2021-04-19 09:32:19,797 INFO o.a.j.g.u.JMeterMenuBar: setRunning(true, *local*)
2021-04-19 09:32:19,913 INFO o.a.j.e.StandardJMeterEngine: Starting ThreadGroup: 1 : Thread Group
2021-04-19 09:32:19,913 INFO o.a.j.e.StandardJMeterEngine: Starting 1 threads for group Thread Group.
2021-04-19 09:32:19,913 INFO o.a.j.e.StandardJMeterEngine: Thread will continue on error
2021-04-19 09:32:19,913 INFO o.a.j.t.ThreadGroup: Starting thread group... number=1 threads=1 ramp-up=1 delayedStart=false
2021-04-19 09:32:19,913 INFO o.a.j.t.ThreadGroup: Started thread group number 1
2021-04-19 09:32:19,913 INFO o.a.j.e.StandardJMeterEngine: All thread groups have been started
2021-04-19 09:32:19,913 INFO o.a.j.t.JMeterThread: Thread started: Thread Group 1-1
2021-04-19 09:32:21,583 INFO o.a.j.t.JMeterThread: Thread is done: Thread Group 1-1
2021-04-19 09:32:21,583 INFO o.a.j.t.JMeterThread: Thread finished: Thread Group 1-1
2021-04-19 09:32:21,583 INFO o.a.j.e.StandardJMeterEngine: Notifying test listeners of end of test
2021-04-19 09:32:21,588 INFO o.a.j.g.u.JMeterMenuBar: setRunning(false, *local*)
2021-04-19 09:32:52,045 INFO o.a.j.e.StandardJMeterEngine: Running the test!
2021-04-19 09:32:52,045 INFO o.a.j.s.SampleEvent: List of sample_variables: []
2021-04-19 09:32:52,045 INFO o.a.j.g.u.JMeterMenuBar: setRunning(true, *local*)
2021-04-19 09:32:52,161 INFO o.a.j.e.StandardJMeterEngine: Starting ThreadGroup: 1 : Thread Group
2021-04-19 09:32:52,161 INFO o.a.j.e.StandardJMeterEngine: Starting 1 threads for group Thread Group.
2021-04-19 09:32:52,161 INFO o.a.j.e.StandardJMeterEngine: Thread will continue on error
2021-04-19 09:32:52,161 INFO o.a.j.t.ThreadGroup: Starting thread group... number=1 threads=1 ramp-up=1 delayedStart=false
2021-04-19 09:32:52,161 INFO o.a.j.t.ThreadGroup: Started thread group number 1
2021-04-19 09:32:52,161 INFO o.a.j.e.StandardJMeterEngine: All thread groups have been started
2021-04-19 09:32:52,161 INFO o.a.j.t.JMeterThread: Thread started: Thread Group 1-1
2021-04-19 09:32:53,779 INFO o.a.j.t.JMeterThread: Thread is done: Thread Group 1-1
2021-04-19 09:32:53,779 INFO o.a.j.t.JMeterThread: Thread finished: Thread Group 1-1
2021-04-19 09:32:53,779 INFO o.a.j.e.StandardJMeterEngine: Notifying test listeners of end of test
2021-04-19 09:32:53,779 INFO o.a.j.g.u.JMeterMenuBar: setRunning(false, *local*)
2021-04-19 09:33:51,815 INFO o.a.j.e.StandardJMeterEngine: Running the test!
2021-04-19 09:33:51,815 INFO o.a.j.s.SampleEvent: List of sample_variables: []
2021-04-19 09:33:51,815 INFO o.a.j.g.u.JMeterMenuBar: setRunning(true, *local*)
2021-04-19 09:33:51,931 INFO o.a.j.e.StandardJMeterEngine: Starting ThreadGroup: 1 : Thread Group
2021-04-19 09:33:51,931 INFO o.a.j.e.StandardJMeterEngine: Starting 1 threads for group Thread Group.
2021-04-19 09:33:51,931 INFO o.a.j.e.StandardJMeterEngine: Thread will continue on error
2021-04-19 09:33:51,931 INFO o.a.j.t.ThreadGroup: Starting thread group... number=1 threads=1 ramp-up=1 delayedStart=false
2021-04-19 09:33:51,931 INFO o.a.j.t.ThreadGroup: Started thread group number 1
2021-04-19 09:33:51,931 INFO o.a.j.e.StandardJMeterEngine: All thread groups have been started
2021-04-19 09:33:51,931 INFO o.a.j.t.JMeterThread: Thread started: Thread Group 1-1
2021-04-19 09:33:53,467 INFO o.a.j.t.JMeterThread: Thread is done: Thread Group 1-1
2021-04-19 09:33:53,467 INFO o.a.j.t.JMeterThread: Thread finished: Thread Group 1-1
2021-04-19 09:33:53,467 INFO o.a.j.e.StandardJMeterEngine: Notifying test listeners of end of test
2021-04-19 09:33:53,467 INFO o.a.j.g.u.JMeterMenuBar: setRunning(false, *local*)
2021-04-19 09:36:39,835 INFO o.a.j.e.StandardJMeterEngine: Running the test!
2021-04-19 09:36:39,835 INFO o.a.j.s.SampleEvent: List of sample_variables: []
2021-04-19 09:36:39,835 INFO o.a.j.g.u.JMeterMenuBar: setRunning(true, *local*)
2021-04-19 09:36:39,973 INFO o.a.j.e.StandardJMeterEngine: Starting ThreadGroup: 1 : Thread Group
2021-04-19 09:36:39,973 INFO o.a.j.e.StandardJMeterEngine: Starting 1 threads for group Thread Group.
2021-04-19 09:36:39,973 INFO o.a.j.e.StandardJMeterEngine: Thread will continue on error
2021-04-19 09:36:39,973 INFO o.a.j.t.ThreadGroup: Starting thread group... number=1 threads=1 ramp-up=1 delayedStart=false
2021-04-19 09:36:39,973 INFO o.a.j.t.ThreadGroup: Started thread group number 1
2021-04-19 09:36:39,973 INFO o.a.j.e.StandardJMeterEngine: All thread groups have been started
2021-04-19 09:36:39,973 INFO o.a.j.t.JMeterThread: Thread started: Thread Group 1-1
2021-04-19 09:36:41,785 INFO o.a.j.t.JMeterThread: Thread is done: Thread Group 1-1
2021-04-19 09:36:41,785 INFO o.a.j.t.JMeterThread: Thread finished: Thread Group 1-1
2021-04-19 09:36:41,785 INFO o.a.j.e.StandardJMeterEngine: Notifying test listeners of end of test
2021-04-19 09:36:41,785 INFO o.a.j.g.u.JMeterMenuBar: setRunning(false, *local*)
2021-04-19 09:36:52,742 INFO o.a.j.e.StandardJMeterEngine: Running the test!
2021-04-19 09:36:52,742 INFO o.a.j.s.SampleEvent: List of sample_variables: []
2021-04-19 09:36:52,742 INFO o.a.j.g.u.JMeterMenuBar: setRunning(true, *local*)
2021-04-19 09:36:52,887 INFO o.a.j.e.StandardJMeterEngine: Starting ThreadGroup: 1 : Thread Group
2021-04-19 09:36:52,887 INFO o.a.j.e.StandardJMeterEngine: Starting 1 threads for group Thread Group.
2021-04-19 09:36:52,887 INFO o.a.j.e.StandardJMeterEngine: Thread will continue on error
2021-04-19 09:36:52,887 INFO o.a.j.t.ThreadGroup: Starting thread group... number=1 threads=1 ramp-up=1 delayedStart=false
2021-04-19 09:36:52,887 INFO o.a.j.t.ThreadGroup: Started thread group number 1
2021-04-19 09:36:52,887 INFO o.a.j.e.StandardJMeterEngine: All thread groups have been started
2021-04-19 09:36:52,887 INFO o.a.j.t.JMeterThread: Thread started: Thread Group 1-1
2021-04-19 09:36:54,628 INFO o.a.j.t.JMeterThread: Thread is done: Thread Group 1-1
2021-04-19 09:36:54,628 INFO o.a.j.t.JMeterThread: Thread finished: Thread Group 1-1
2021-04-19 09:36:54,628 INFO o.a.j.e.StandardJMeterEngine: Notifying test listeners of end of test
2021-04-19 09:36:54,628 INFO o.a.j.g.u.JMeterMenuBar: setRunning(false, *local*)
2021-04-19 09:37:35,777 INFO o.a.j.e.StandardJMeterEngine: Running the test!
2021-04-19 09:37:35,777 INFO o.a.j.s.SampleEvent: List of sample_variables: []
2021-04-19 09:37:35,777 INFO o.a.j.g.u.JMeterMenuBar: setRunning(true, *local*)
2021-04-19 09:37:35,884 INFO o.a.j.e.StandardJMeterEngine: Starting ThreadGroup: 1 : Thread Group
2021-04-19 09:37:35,884 INFO o.a.j.e.StandardJMeterEngine: Starting 1 threads for group Thread Group.
2021-04-19 09:37:35,884 INFO o.a.j.e.StandardJMeterEngine: Thread will continue on error
2021-04-19 09:37:35,884 INFO o.a.j.t.ThreadGroup: Starting thread group... number=1 threads=1 ramp-up=1 delayedStart=false
2021-04-19 09:37:35,884 INFO o.a.j.t.ThreadGroup: Started thread group number 1
2021-04-19 09:37:35,884 INFO o.a.j.e.StandardJMeterEngine: All thread groups have been started
2021-04-19 09:37:35,884 INFO o.a.j.t.JMeterThread: Thread started: Thread Group 1-1
2021-04-19 09:37:37,766 INFO o.a.j.t.JMeterThread: Thread is done: Thread Group 1-1
2021-04-19 09:37:37,766 INFO o.a.j.t.JMeterThread: Thread finished: Thread Group 1-1
2021-04-19 09:37:37,766 INFO o.a.j.e.StandardJMeterEngine: Notifying test listeners of end of test
2021-04-19 09:37:37,766 INFO o.a.j.g.u.JMeterMenuBar: setRunning(false, *local*)
2021-04-19 09:38:20,039 INFO o.a.j.e.StandardJMeterEngine: Running the test!
2021-04-19 09:38:20,039 INFO o.a.j.s.SampleEvent: List of sample_variables: []
2021-04-19 09:38:20,055 INFO o.a.j.g.u.JMeterMenuBar: setRunning(true, *local*)
2021-04-19 09:38:20,155 INFO o.a.j.e.StandardJMeterEngine: Starting ThreadGroup: 1 : Thread Group
2021-04-19 09:38:20,155 INFO o.a.j.e.StandardJMeterEngine: Starting 1 threads for group Thread Group.
2021-04-19 09:38:20,155 INFO o.a.j.e.StandardJMeterEngine: Thread will continue on error
2021-04-19 09:38:20,155 INFO o.a.j.t.ThreadGroup: Starting thread group... number=1 threads=1 ramp-up=1 delayedStart=false
2021-04-19 09:38:20,155 INFO o.a.j.t.ThreadGroup: Started thread group number 1
2021-04-19 09:38:20,155 INFO o.a.j.e.StandardJMeterEngine: All thread groups have been started
2021-04-19 09:38:20,155 INFO o.a.j.t.JMeterThread: Thread started: Thread Group 1-1
2021-04-19 09:38:21,931 INFO o.a.j.t.JMeterThread: Thread is done: Thread Group 1-1
2021-04-19 09:38:21,931 INFO o.a.j.t.JMeterThread: Thread finished: Thread Group 1-1
2021-04-19 09:38:21,931 INFO o.a.j.e.StandardJMeterEngine: Notifying test listeners of end of test
2021-04-19 09:38:21,931 INFO o.a.j.g.u.JMeterMenuBar: setRunning(false, *local*)
2021-04-19 09:39:06,680 INFO o.a.j.e.StandardJMeterEngine: Running the test!
2021-04-19 09:39:06,680 INFO o.a.j.s.SampleEvent: List of sample_variables: []
2021-04-19 09:39:06,680 INFO o.a.j.g.u.JMeterMenuBar: setRunning(true, *local*)
2021-04-19 09:39:06,796 INFO o.a.j.e.StandardJMeterEngine: Starting ThreadGroup: 1 : Thread Group
2021-04-19 09:39:06,796 INFO o.a.j.e.StandardJMeterEngine: Starting 1 threads for group Thread Group.
2021-04-19 09:39:06,796 INFO o.a.j.e.StandardJMeterEngine: Thread will continue on error
2021-04-19 09:39:06,796 INFO o.a.j.t.ThreadGroup: Starting thread group... number=1 threads=1 ramp-up=1 delayedStart=false
2021-04-19 09:39:06,796 INFO o.a.j.t.ThreadGroup: Started thread group number 1
2021-04-19 09:39:06,796 INFO o.a.j.e.StandardJMeterEngine: All thread groups have been started
2021-04-19 09:39:06,796 INFO o.a.j.t.JMeterThread: Thread started: Thread Group 1-1
2021-04-19 09:39:08,501 INFO o.a.j.t.JMeterThread: Thread is done: Thread Group 1-1
2021-04-19 09:39:08,501 INFO o.a.j.t.JMeterThread: Thread finished: Thread Group 1-1
2021-04-19 09:39:08,501 INFO o.a.j.e.StandardJMeterEngine: Notifying test listeners of end of test
2021-04-19 09:39:08,501 INFO o.a.j.g.u.JMeterMenuBar: setRunning(false, *local*)
2021-04-19 09:40:16,333 INFO o.a.j.e.StandardJMeterEngine: Running the test!
2021-04-19 09:40:16,333 INFO o.a.j.s.SampleEvent: List of sample_variables: []
2021-04-19 09:40:16,333 INFO o.a.j.g.u.JMeterMenuBar: setRunning(true, *local*)
2021-04-19 09:40:16,433 INFO o.a.j.e.StandardJMeterEngine: Starting ThreadGroup: 1 : Thread Group
2021-04-19 09:40:16,433 INFO o.a.j.e.StandardJMeterEngine: Starting 1 threads for group Thread Group.
2021-04-19 09:40:16,433 INFO o.a.j.e.StandardJMeterEngine: Thread will continue on error
2021-04-19 09:40:16,433 INFO o.a.j.t.ThreadGroup: Starting thread group... number=1 threads=1 ramp-up=1 delayedStart=false
2021-04-19 09:40:16,433 INFO o.a.j.t.ThreadGroup: Started thread group number 1
2021-04-19 09:40:16,433 INFO o.a.j.e.StandardJMeterEngine: All thread groups have been started
2021-04-19 09:40:16,433 INFO o.a.j.t.JMeterThread: Thread started: Thread Group 1-1
2021-04-19 09:40:18,135 INFO o.a.j.t.JMeterThread: Thread is done: Thread Group 1-1
2021-04-19 09:40:18,135 INFO o.a.j.t.JMeterThread: Thread finished: Thread Group 1-1
2021-04-19 09:40:18,135 INFO o.a.j.e.StandardJMeterEngine: Notifying test listeners of end of test
2021-04-19 09:40:18,135 INFO o.a.j.g.u.JMeterMenuBar: setRunning(false, *local*)
2021-04-19 09:41:13,059 INFO o.a.j.e.StandardJMeterEngine: Running the test!
2021-04-19 09:41:13,059 INFO o.a.j.s.SampleEvent: List of sample_variables: []
2021-04-19 09:41:13,059 INFO o.a.j.g.u.JMeterMenuBar: setRunning(true, *local*)
2021-04-19 09:41:13,159 INFO o.a.j.e.StandardJMeterEngine: Starting ThreadGroup: 1 : Thread Group
2021-04-19 09:41:13,159 INFO o.a.j.e.StandardJMeterEngine: Starting 1 threads for group Thread Group.
2021-04-19 09:41:13,159 INFO o.a.j.e.StandardJMeterEngine: Thread will continue on error
2021-04-19 09:41:13,159 INFO o.a.j.t.ThreadGroup: Starting thread group... number=1 threads=1 ramp-up=1 delayedStart=false
2021-04-19 09:41:13,159 INFO o.a.j.t.ThreadGroup: Started thread group number 1
2021-04-19 09:41:13,159 INFO o.a.j.e.StandardJMeterEngine: All thread groups have been started
2021-04-19 09:41:13,159 INFO o.a.j.t.JMeterThread: Thread started: Thread Group 1-1
2021-04-19 09:41:14,945 INFO o.a.j.t.JMeterThread: Thread is done: Thread Group 1-1
2021-04-19 09:41:14,945 INFO o.a.j.t.JMeterThread: Thread finished: Thread Group 1-1
2021-04-19 09:41:14,945 INFO o.a.j.e.StandardJMeterEngine: Notifying test listeners of end of test
2021-04-19 09:41:14,945 INFO o.a.j.g.u.JMeterMenuBar: setRunning(false, *local*)
2021-04-19 09:43:48,519 INFO o.a.j.e.StandardJMeterEngine: Running the test!
2021-04-19 09:43:48,519 INFO o.a.j.s.SampleEvent: List of sample_variables: []
2021-04-19 09:43:48,519 INFO o.a.j.g.u.JMeterMenuBar: setRunning(true, *local*)
2021-04-19 09:43:48,650 INFO o.a.j.e.StandardJMeterEngine: Starting ThreadGroup: 1 : Thread Group
2021-04-19 09:43:48,650 INFO o.a.j.e.StandardJMeterEngine: Starting 1 threads for group Thread Group.
2021-04-19 09:43:48,650 INFO o.a.j.e.StandardJMeterEngine: Thread will continue on error
2021-04-19 09:43:48,650 INFO o.a.j.t.ThreadGroup: Starting thread group... number=1 threads=1 ramp-up=1 delayedStart=false
2021-04-19 09:43:48,650 INFO o.a.j.t.ThreadGroup: Started thread group number 1
2021-04-19 09:43:48,650 INFO o.a.j.e.StandardJMeterEngine: All thread groups have been started
2021-04-19 09:43:48,650 INFO o.a.j.t.JMeterThread: Thread started: Thread Group 1-1
2021-04-19 09:43:50,661 INFO o.a.j.t.JMeterThread: Thread is done: Thread Group 1-1
2021-04-19 09:43:50,661 INFO o.a.j.t.JMeterThread: Thread finished: Thread Group 1-1
2021-04-19 09:43:50,661 INFO o.a.j.e.StandardJMeterEngine: Notifying test listeners of end of test
2021-04-19 09:43:50,661 INFO o.a.j.g.u.JMeterMenuBar: setRunning(false, *local*)
2021-04-19 09:44:02,690 INFO o.a.j.e.StandardJMeterEngine: Running the test!
2021-04-19 09:44:02,690 INFO o.a.j.s.SampleEvent: List of sample_variables: []
2021-04-19 09:44:02,705 INFO o.a.j.g.u.JMeterMenuBar: setRunning(true, *local*)
2021-04-19 09:44:02,821 INFO o.a.j.e.StandardJMeterEngine: Starting ThreadGroup: 1 : Thread Group
2021-04-19 09:44:02,821 INFO o.a.j.e.StandardJMeterEngine: Starting 1 threads for group Thread Group.
2021-04-19 09:44:02,821 INFO o.a.j.e.StandardJMeterEngine: Thread will continue on error
2021-04-19 09:44:02,821 INFO o.a.j.t.ThreadGroup: Starting thread group... number=1 threads=1 ramp-up=1 delayedStart=false
2021-04-19 09:44:02,821 INFO o.a.j.t.ThreadGroup: Started thread group number 1
2021-04-19 09:44:02,821 INFO o.a.j.e.StandardJMeterEngine: All thread groups have been started
2021-04-19 09:44:02,821 INFO o.a.j.t.JMeterThread: Thread started: Thread Group 1-1
2021-04-19 09:44:04,480 INFO o.a.j.t.JMeterThread: Thread is done: Thread Group 1-1
2021-04-19 09:44:04,480 INFO o.a.j.t.JMeterThread: Thread finished: Thread Group 1-1
2021-04-19 09:44:04,480 INFO o.a.j.e.StandardJMeterEngine: Notifying test listeners of end of test
2021-04-19 09:44:04,480 INFO o.a.j.g.u.JMeterMenuBar: setRunning(false, *local*)
2021-04-19 09:44:51,659 INFO o.a.j.e.StandardJMeterEngine: Running the test!
2021-04-19 09:44:51,659 INFO o.a.j.s.SampleEvent: List of sample_variables: []
2021-04-19 09:44:51,674 INFO o.a.j.g.u.JMeterMenuBar: setRunning(true, *local*)
2021-04-19 09:44:51,807 INFO o.a.j.e.StandardJMeterEngine: Starting ThreadGroup: 1 : Thread Group
2021-04-19 09:44:51,807 INFO o.a.j.e.StandardJMeterEngine: Starting 1 threads for group Thread Group.
2021-04-19 09:44:51,807 INFO o.a.j.e.StandardJMeterEngine: Thread will continue on error
2021-04-19 09:44:51,807 INFO o.a.j.t.ThreadGroup: Starting thread group... number=1 threads=1 ramp-up=1 delayedStart=false
2021-04-19 09:44:51,807 INFO o.a.j.t.ThreadGroup: Started thread group number 1
2021-04-19 09:44:51,807 INFO o.a.j.e.StandardJMeterEngine: All thread groups have been started
2021-04-19 09:44:51,807 INFO o.a.j.t.JMeterThread: Thread started: Thread Group 1-1
2021-04-19 09:44:53,771 INFO o.a.j.t.JMeterThread: Thread is done: Thread Group 1-1
2021-04-19 09:44:53,771 INFO o.a.j.t.JMeterThread: Thread finished: Thread Group 1-1
2021-04-19 09:44:53,771 INFO o.a.j.e.StandardJMeterEngine: Notifying test listeners of end of test
2021-04-19 09:44:53,771 INFO o.a.j.g.u.JMeterMenuBar: setRunning(false, *local*)
2021-04-19 09:44:57,675 INFO o.a.j.e.StandardJMeterEngine: Running the test!
2021-04-19 09:44:57,675 INFO o.a.j.s.SampleEvent: List of sample_variables: []
2021-04-19 09:44:57,675 INFO o.a.j.g.u.JMeterMenuBar: setRunning(true, *local*)
2021-04-19 09:44:57,790 INFO o.a.j.e.StandardJMeterEngine: Starting ThreadGroup: 1 : Thread Group
2021-04-19 09:44:57,790 INFO o.a.j.e.StandardJMeterEngine: Starting 1 threads for group Thread Group.
2021-04-19 09:44:57,790 INFO o.a.j.e.StandardJMeterEngine: Thread will continue on error
2021-04-19 09:44:57,790 INFO o.a.j.t.ThreadGroup: Starting thread group... number=1 threads=1 ramp-up=1 delayedStart=false
2021-04-19 09:44:57,790 INFO o.a.j.t.ThreadGroup: Started thread group number 1
2021-04-19 09:44:57,790 INFO o.a.j.e.StandardJMeterEngine: All thread groups have been started
2021-04-19 09:44:57,790 INFO o.a.j.t.JMeterThread: Thread started: Thread Group 1-1
2021-04-19 09:44:59,514 INFO o.a.j.t.JMeterThread: Thread is done: Thread Group 1-1
2021-04-19 09:44:59,514 INFO o.a.j.t.JMeterThread: Thread finished: Thread Group 1-1
2021-04-19 09:44:59,514 INFO o.a.j.e.StandardJMeterEngine: Notifying test listeners of end of test
2021-04-19 09:44:59,545 INFO o.a.j.g.u.JMeterMenuBar: setRunning(false, *local*)
2021-04-19 09:47:05,512 INFO o.a.j.e.StandardJMeterEngine: Running the test!
2021-04-19 09:47:05,512 INFO o.a.j.s.SampleEvent: List of sample_variables: []
2021-04-19 09:47:05,512 INFO o.a.j.g.u.JMeterMenuBar: setRunning(true, *local*)
2021-04-19 09:47:05,528 INFO o.a.j.e.StandardJMeterEngine: Starting ThreadGroup: 1 : Thread Group
2021-04-19 09:47:05,528 INFO o.a.j.e.StandardJMeterEngine: Starting 1 threads for group Thread Group.
2021-04-19 09:47:05,528 INFO o.a.j.e.StandardJMeterEngine: Thread will continue on error
2021-04-19 09:47:05,528 INFO o.a.j.t.ThreadGroup: Starting thread group... number=1 threads=1 ramp-up=1 delayedStart=false
2021-04-19 09:47:05,528 INFO o.a.j.t.ThreadGroup: Started thread group number 1
2021-04-19 09:47:05,528 INFO o.a.j.e.StandardJMeterEngine: All thread groups have been started
2021-04-19 09:47:05,528 INFO o.a.j.t.JMeterThread: Thread started: Thread Group 1-1
2021-04-19 09:47:07,238 INFO o.a.j.t.JMeterThread: Thread is done: Thread Group 1-1
2021-04-19 09:47:07,238 INFO o.a.j.t.JMeterThread: Thread finished: Thread Group 1-1
2021-04-19 09:47:07,238 INFO o.a.j.e.StandardJMeterEngine: Notifying test listeners of end of test
2021-04-19 09:47:07,238 INFO o.a.j.g.u.JMeterMenuBar: setRunning(false, *local*)
2021-04-19 09:47:46,653 INFO o.a.j.e.StandardJMeterEngine: Running the test!
2021-04-19 09:47:46,653 INFO o.a.j.s.SampleEvent: List of sample_variables: []
2021-04-19 09:47:46,653 INFO o.a.j.g.u.JMeterMenuBar: setRunning(true, *local*)
2021-04-19 09:47:46,778 INFO o.a.j.e.StandardJMeterEngine: Starting ThreadGroup: 1 : Thread Group
2021-04-19 09:47:46,778 INFO o.a.j.e.StandardJMeterEngine: Starting 1 threads for group Thread Group.
2021-04-19 09:47:46,783 INFO o.a.j.e.StandardJMeterEngine: Thread will continue on error
2021-04-19 09:47:46,783 INFO o.a.j.t.ThreadGroup: Starting thread group... number=1 threads=1 ramp-up=1 delayedStart=false
2021-04-19 09:47:46,783 INFO o.a.j.t.ThreadGroup: Started thread group number 1
2021-04-19 09:47:46,783 INFO o.a.j.e.StandardJMeterEngine: All thread groups have been started
2021-04-19 09:47:46,783 INFO o.a.j.t.JMeterThread: Thread started: Thread Group 1-1
2021-04-19 09:47:48,486 INFO o.a.j.t.JMeterThread: Thread is done: Thread Group 1-1
2021-04-19 09:47:48,486 INFO o.a.j.t.JMeterThread: Thread finished: Thread Group 1-1
2021-04-19 09:47:48,502 INFO o.a.j.e.StandardJMeterEngine: Notifying test listeners of end of test
2021-04-19 09:47:48,502 INFO o.a.j.g.u.JMeterMenuBar: setRunning(false, *local*)
2021-04-19 09:48:48,655 INFO o.a.j.e.StandardJMeterEngine: Running the test!
2021-04-19 09:48:48,655 INFO o.a.j.s.SampleEvent: List of sample_variables: []
2021-04-19 09:48:48,670 INFO o.a.j.g.u.JMeterMenuBar: setRunning(true, *local*)
2021-04-19 09:48:48,677 INFO o.a.j.e.StandardJMeterEngine: Starting ThreadGroup: 1 : Thread Group
2021-04-19 09:48:48,677 INFO o.a.j.e.StandardJMeterEngine: Starting 1 threads for group Thread Group.
2021-04-19 09:48:48,677 INFO o.a.j.e.StandardJMeterEngine: Thread will continue on error
2021-04-19 09:48:48,677 INFO o.a.j.t.ThreadGroup: Starting thread group... number=1 threads=1 ramp-up=1 delayedStart=false
2021-04-19 09:48:48,677 INFO o.a.j.t.ThreadGroup: Started thread group number 1
2021-04-19 09:48:48,677 INFO o.a.j.e.StandardJMeterEngine: All thread groups have been started
2021-04-19 09:48:48,677 INFO o.a.j.t.JMeterThread: Thread started: Thread Group 1-1
2021-04-19 09:48:50,529 INFO o.a.j.t.JMeterThread: Thread is done: Thread Group 1-1
2021-04-19 09:48:50,529 INFO o.a.j.t.JMeterThread: Thread finished: Thread Group 1-1
2021-04-19 09:48:50,529 INFO o.a.j.e.StandardJMeterEngine: Notifying test listeners of end of test
2021-04-19 09:48:50,529 INFO o.a.j.g.u.JMeterMenuBar: setRunning(false, *local*)
2021-04-19 10:37:59,747 INFO o.a.j.e.StandardJMeterEngine: Running the test!
2021-04-19 10:37:59,751 INFO o.a.j.s.SampleEvent: List of sample_variables: []
2021-04-19 10:37:59,759 INFO o.a.j.g.u.JMeterMenuBar: setRunning(true, *local*)
2021-04-19 10:38:00,307 INFO o.a.j.e.StandardJMeterEngine: Starting ThreadGroup: 1 : Thread Group
2021-04-19 10:38:00,307 INFO o.a.j.e.StandardJMeterEngine: Starting 1 threads for group Thread Group.
2021-04-19 10:38:00,307 INFO o.a.j.e.StandardJMeterEngine: Thread will continue on error
2021-04-19 10:38:00,307 INFO o.a.j.t.ThreadGroup: Starting thread group... number=1 threads=1 ramp-up=1 delayedStart=false
2021-04-19 10:38:00,307 INFO o.a.j.t.ThreadGroup: Started thread group number 1
2021-04-19 10:38:00,307 INFO o.a.j.e.StandardJMeterEngine: All thread groups have been started
2021-04-19 10:38:00,307 INFO o.a.j.t.JMeterThread: Thread started: Thread Group 1-1
2021-04-19 10:38:02,396 INFO o.a.j.t.JMeterThread: Thread is done: Thread Group 1-1
2021-04-19 10:38:02,396 INFO o.a.j.t.JMeterThread: Thread finished: Thread Group 1-1
2021-04-19 10:38:02,396 INFO o.a.j.e.StandardJMeterEngine: Notifying test listeners of end of test
2021-04-19 10:38:02,396 INFO o.a.j.g.u.JMeterMenuBar: setRunning(false, *local*)
2021-04-19 10:38:35,757 INFO o.a.j.e.StandardJMeterEngine: Running the test!
2021-04-19 10:38:35,758 INFO o.a.j.s.SampleEvent: List of sample_variables: []
2021-04-19 10:38:35,766 INFO o.a.j.g.u.JMeterMenuBar: setRunning(true, *local*)
2021-04-19 10:38:35,767 INFO o.a.j.e.StandardJMeterEngine: Starting ThreadGroup: 1 : Thread Group
2021-04-19 10:38:35,767 INFO o.a.j.e.StandardJMeterEngine: Starting 1 threads for group Thread Group.
2021-04-19 10:38:35,767 INFO o.a.j.e.StandardJMeterEngine: Thread will continue on error
2021-04-19 10:38:35,767 INFO o.a.j.t.ThreadGroup: Starting thread group... number=1 threads=1 ramp-up=1 delayedStart=false
2021-04-19 10:38:35,767 INFO o.a.j.t.ThreadGroup: Started thread group number 1
2021-04-19 10:38:35,767 INFO o.a.j.e.StandardJMeterEngine: All thread groups have been started
2021-04-19 10:38:35,767 INFO o.a.j.t.JMeterThread: Thread started: Thread Group 1-1
2021-04-19 10:38:37,636 INFO o.a.j.t.JMeterThread: Thread is done: Thread Group 1-1
2021-04-19 10:38:37,636 INFO o.a.j.t.JMeterThread: Thread finished: Thread Group 1-1
2021-04-19 10:38:37,636 INFO o.a.j.e.StandardJMeterEngine: Notifying test listeners of end of test
2021-04-19 10:38:37,636 INFO o.a.j.g.u.JMeterMenuBar: setRunning(false, *local*)
